#
# There is insufficient memory for the Java Runtime Environment to continue.
# Native memory allocation (mmap) failed to map 134217728 bytes for G1 virtual space
# Possible reasons:
#   The system is out of physical RAM or swap space
#   The process is running with CompressedOops enabled, and the Java Heap may be blocking the growth of the native heap
# Possible solutions:
#   Reduce memory load on the system
#   Increase physical memory or swap space
#   Check if swap backing store is full
#   Decrease Java heap size (-Xmx/-Xms)
#   Decrease number of Java threads
#   Decrease Java thread stack sizes (-Xss)
#   Set larger code cache with -XX:ReservedCodeCacheSize=
#   JVM is running with Unscaled Compressed Oops mode in which the Java heap is
#     placed in the first 4GB address space. The Java Heap base address is the
#     maximum limit for the native heap growth. Please use -XX:HeapBaseMinAddress
#     to set the Java Heap base and to place the Java Heap above 4GB virtual address.
# This output file may be truncated or incomplete.
#
#  Out of Memory Error (./open/src/hotspot/os/windows/os_windows.cpp:3472), pid=5724, tid=14052
#
# JRE version:  (15.0.1+9) (build )
# Java VM: OpenJDK 64-Bit Server VM (15.0.1+9-18, mixed mode, sharing, tiered, compressed oops, g1 gc, windows-amd64)
# No core dump will be written. Minidumps are not enabled by default on client versions of Windows
#

---------------  S U M M A R Y ------------

Command Line: -Dcom.sun.management.jmxremote -Dcom.sun.management.jmxremote.port=49914 -Dcom.sun.management.jmxremote.authenticate=false -Dcom.sun.management.jmxremote.ssl=false -Djava.rmi.server.hostname=localhost -Dspring.jmx.enabled=true -Dspring.application.admin.enabled=true -XX:TieredStopAtLevel=1 -Dspring.boot.project.name=team1_v2sbm3c -Dfile.encoding=UTF-8 -XX:+ShowCodeDetailsInExceptionMessages dev.mvc.team1_v2sbm3c.Team1V2sbm3cApplication --spring.output.ansi.enabled=always

Host: Intel(R) Core(TM) i3-7100U CPU @ 2.40GHz, 4 cores, 7G,  Windows 10 , 64 bit Build 19041 (10.0.19041.1741)
Time: Thu Jun 23 13:00:11 2022 대한민국 표준시 elapsed time: 0.046956 seconds (0d 0h 0m 0s)

---------------  T H R E A D  ---------------

Current thread (0x0000022aed9264d0):  JavaThread "Unknown thread" [_thread_in_vm, id=14052, stack(0x000000b084500000,0x000000b084600000)]

Stack: [0x000000b084500000,0x000000b084600000]
Native frames: (J=compiled Java code, j=interpreted, Vv=VM code, C=native code)
V  [jvm.dll+0x62ae9a]
V  [jvm.dll+0x781389]
V  [jvm.dll+0x782ae3]
V  [jvm.dll+0x783143]
V  [jvm.dll+0x216265]
V  [jvm.dll+0x6281d9]
V  [jvm.dll+0x61cd15]
V  [jvm.dll+0x2d01fd]
V  [jvm.dll+0x2d0062]
V  [jvm.dll+0x2d603c]
V  [jvm.dll+0x325b2a]
V  [jvm.dll+0x3251f4]
V  [jvm.dll+0x2a717a]
V  [jvm.dll+0x2a8318]
V  [jvm.dll+0x75e101]
V  [jvm.dll+0x3343e4]
V  [jvm.dll+0x73e826]
V  [jvm.dll+0x3b7777]
V  [jvm.dll+0x3b9201]
C  [jli.dll+0x52fb]
C  [ucrtbase.dll+0x21bb2]
C  [KERNEL32.DLL+0x17034]
C  [ntdll.dll+0x52651]


---------------  P R O C E S S  ---------------

Threads class SMR info:
_java_thread_list=0x00007ffe97274ff0, length=0, elements={
}

Java Threads: ( => current thread )

Other Threads:
  0x0000022aed965260 GCTaskThread "GC Thread#0" [stack: 0x000000b084600000,0x000000b084700000] [id=13384]
  0x0000022aed9760c0 ConcurrentGCThread "G1 Main Marker" [stack: 0x000000b084700000,0x000000b084800000] [id=15348]
  0x0000022aed976b40 ConcurrentGCThread "G1 Conc#0" [stack: 0x000000b084800000,0x000000b084900000] [id=6516]

[error occurred during error reporting (printing all threads), id 0xc0000005, EXCEPTION_ACCESS_VIOLATION (0xc0000005) at pc=0x00007ffe96a68047]

VM state: not at safepoint (not fully initialized)

VM Mutex/Monitor currently owned by a thread:  ([mutex/lock_event])
[0x0000022aed922560] Heap_lock - owner thread: 0x0000022aed9264d0

Heap address: 0x0000000081400000, size: 2028 MB, Compressed Oops mode: 32-bit
CDS archive(s) mapped at: [0x0000000000000000-0x0000000000000000-0x0000000000000000), size 0, SharedBaseAddress: 0x0000000800000000, ArchiveRelocationMode: 0.
Narrow klass base: 0x0000000000000000, Narrow klass shift: 0, Narrow klass range: 0x0

Heap:
 garbage-first heap   total 131072K, used 0K [0x0000000081400000, 0x0000000100000000)
  region size 1024K, 0 young (0K), 0 survivors (0K)
 Metaspace       used 0K, capacity 0K, committed 0K, reserved 0K
  class space    used 0K, capacity 0K, committed 0K, reserved 0K

Heap Regions: E=young(eden), S=young(survivor), O=old, HS=humongous(starts), HC=humongous(continues), CS=collection set, F=free, OA=open archive, CA=closed archive, TAMS=top-at-mark-start (previous, next)

Card table byte_map: [0x0000022af1730000,0x0000022af1b30000] _byte_map_base: 0x0000022af1326000

Marking Bits (Prev, Next): (CMBitMap*) 0x0000022aed9658e0, (CMBitMap*) 0x0000022aed965920
 Prev Bits: [0x0000022af1f30000, 0x0000022af3ee0000)
 Next Bits: [0x0000022af3ee0000, 0x0000022af5e90000)

GC Heap History (0 events):
No events

Deoptimization events (0 events):
No events

Classes unloaded (0 events):
No events

Classes redefined (0 events):
No events

Internal exceptions (0 events):
No events

Events (1 events):
Event: 0.025 Loaded shared library C:\kd\sts-4.9.0\plugins\org.eclipse.justj.openjdk.hotspot.jre.full.win32.x86_64_15.0.1.v20201027-0507\jre\bin\java.dll


Dynamic libraries:
0x00007ff6c0320000 - 0x00007ff6c032d000 	C:\kd\sts-4.9.0\plugins\org.eclipse.justj.openjdk.hotspot.jre.full.win32.x86_64_15.0.1.v20201027-0507\jre\bin\javaw.exe
0x00007ffee02d0000 - 0x00007ffee04c7000 	C:\WINDOWS\SYSTEM32\ntdll.dll
0x00007ffedebf0000 - 0x00007ffedecad000 	C:\WINDOWS\System32\KERNEL32.DLL
0x00007ffeddbc0000 - 0x00007ffedde8d000 	C:\WINDOWS\System32\KERNELBASE.dll
0x00007ffeddec0000 - 0x00007ffeddfc0000 	C:\WINDOWS\System32\ucrtbase.dll
0x00007ffecf260000 - 0x00007ffecf278000 	C:\kd\sts-4.9.0\plugins\org.eclipse.justj.openjdk.hotspot.jre.full.win32.x86_64_15.0.1.v20201027-0507\jre\bin\jli.dll
0x00007ffedf350000 - 0x00007ffedf4f0000 	C:\WINDOWS\System32\USER32.dll
0x00007ffedde90000 - 0x00007ffeddeb2000 	C:\WINDOWS\System32\win32u.dll
0x00007ffede4c0000 - 0x00007ffede4ea000 	C:\WINDOWS\System32\GDI32.dll
0x00007ffede110000 - 0x00007ffede21b000 	C:\WINDOWS\System32\gdi32full.dll
0x00007ffeddfc0000 - 0x00007ffede05d000 	C:\WINDOWS\System32\msvcp_win.dll
0x00007ffeccd30000 - 0x00007ffeccd49000 	C:\kd\sts-4.9.0\plugins\org.eclipse.justj.openjdk.hotspot.jre.full.win32.x86_64_15.0.1.v20201027-0507\jre\bin\VCRUNTIME140.dll
0x00007ffed2650000 - 0x00007ffed28ea000 	C:\WINDOWS\WinSxS\amd64_microsoft.windows.common-controls_6595b64144ccf1df_6.0.19041.1110_none_60b5254171f9507e\COMCTL32.dll
0x00007ffedfe00000 - 0x00007ffedfe9e000 	C:\WINDOWS\System32\msvcrt.dll
0x00007ffedecb0000 - 0x00007ffedece0000 	C:\WINDOWS\System32\IMM32.DLL
0x00007ffed7a70000 - 0x00007ffed7a7c000 	C:\kd\sts-4.9.0\plugins\org.eclipse.justj.openjdk.hotspot.jre.full.win32.x86_64_15.0.1.v20201027-0507\jre\bin\vcruntime140_1.dll
0x00007ffec06a0000 - 0x00007ffec0731000 	C:\kd\sts-4.9.0\plugins\org.eclipse.justj.openjdk.hotspot.jre.full.win32.x86_64_15.0.1.v20201027-0507\jre\bin\msvcp140.dll
0x00007ffe967b0000 - 0x00007ffe9730e000 	C:\kd\sts-4.9.0\plugins\org.eclipse.justj.openjdk.hotspot.jre.full.win32.x86_64_15.0.1.v20201027-0507\jre\bin\server\jvm.dll
0x00007ffedfeb0000 - 0x00007ffedff5e000 	C:\WINDOWS\System32\ADVAPI32.dll
0x00007ffedf610000 - 0x00007ffedf6ac000 	C:\WINDOWS\System32\sechost.dll
0x00007ffede390000 - 0x00007ffede4b5000 	C:\WINDOWS\System32\RPCRT4.dll
0x00007ffedf2b0000 - 0x00007ffedf2b8000 	C:\WINDOWS\System32\PSAPI.DLL
0x00007ffed2970000 - 0x00007ffed2979000 	C:\WINDOWS\SYSTEM32\WSOCK32.dll
0x00007ffee0020000 - 0x00007ffee008b000 	C:\WINDOWS\System32\WS2_32.dll
0x00007ffed1b80000 - 0x00007ffed1ba7000 	C:\WINDOWS\SYSTEM32\WINMM.dll
0x00007ffed28f0000 - 0x00007ffed28fa000 	C:\WINDOWS\SYSTEM32\VERSION.dll
0x00007ffedc2d0000 - 0x00007ffedc2e2000 	C:\WINDOWS\SYSTEM32\kernel.appcore.dll
0x00007ffed8970000 - 0x00007ffed897a000 	C:\kd\sts-4.9.0\plugins\org.eclipse.justj.openjdk.hotspot.jre.full.win32.x86_64_15.0.1.v20201027-0507\jre\bin\jimage.dll
0x00007ffedbf80000 - 0x00007ffedc164000 	C:\WINDOWS\SYSTEM32\DBGHELP.DLL
0x00007ffed7020000 - 0x00007ffed704c000 	C:\WINDOWS\SYSTEM32\dbgcore.DLL
0x00007ffede2a0000 - 0x00007ffede322000 	C:\WINDOWS\System32\bcryptPrimitives.dll
0x00007ffed56e0000 - 0x00007ffed5705000 	C:\kd\sts-4.9.0\plugins\org.eclipse.justj.openjdk.hotspot.jre.full.win32.x86_64_15.0.1.v20201027-0507\jre\bin\java.dll

dbghelp: loaded successfully - version: 4.0.5 - missing functions: none
symbol engine: initialized successfully - sym options: 0x614 - pdb path: .;C:\kd\sts-4.9.0\plugins\org.eclipse.justj.openjdk.hotspot.jre.full.win32.x86_64_15.0.1.v20201027-0507\jre\bin;C:\WINDOWS\SYSTEM32;C:\WINDOWS\WinSxS\amd64_microsoft.windows.common-controls_6595b64144ccf1df_6.0.19041.1110_none_60b5254171f9507e;C:\kd\sts-4.9.0\plugins\org.eclipse.justj.openjdk.hotspot.jre.full.win32.x86_64_15.0.1.v20201027-0507\jre\bin\server

VM Arguments:
jvm_args: -Dcom.sun.management.jmxremote -Dcom.sun.management.jmxremote.port=49914 -Dcom.sun.management.jmxremote.authenticate=false -Dcom.sun.management.jmxremote.ssl=false -Djava.rmi.server.hostname=localhost -Dspring.jmx.enabled=true -Dspring.application.admin.enabled=true -XX:TieredStopAtLevel=1 -Dspring.boot.project.name=team1_v2sbm3c -Dfile.encoding=UTF-8 -XX:+ShowCodeDetailsInExceptionMessages 
java_command: dev.mvc.team1_v2sbm3c.Team1V2sbm3cApplication --spring.output.ansi.enabled=always
java_class_path (initial): C:\kd\ws_java\team1_v2sbm3c\bin\main;C:\kd\ws_java\team1_v2sbm3c\src\main\webapp\WEB-INF\lib\ojdbc8.jar;C:\Users\user\.gradle\caches\modules-2\files-2.1\org.mybatis.spring.boot\mybatis-spring-boot-starter\2.2.2\e4aff8ef9e02358f90b361acc938be3558f29285\mybatis-spring-boot-starter-2.2.2.jar;C:\Users\user\.gradle\caches\modules-2\files-2.1\org.springframework.boot\spring-boot-starter-jdbc\2.7.0\dd69f21efd63a2a16d631210b5656dc30348451b\spring-boot-starter-jdbc-2.7.0.jar;C:\Users\user\.gradle\caches\modules-2\files-2.1\org.springframework.boot\spring-boot-starter-web\2.7.0\7bf2381d030023970b5375c1090545e480467aa1\spring-boot-starter-web-2.7.0.jar;C:\Users\user\.gradle\caches\modules-2\files-2.1\javax.servlet\jstl\1.2\74aca283cd4f4b4f3e425f5820cda58f44409547\jstl-1.2.jar;C:\Users\user\.gradle\caches\modules-2\files-2.1\org.apache.tomcat.embed\tomcat-embed-jasper\9.0.63\a4642054732725c2b850ff236747ddfaf4774b17\tomcat-embed-jasper-9.0.63.jar;C:\Users\user\.gradle\caches\modules-2\files-2.1\org.springframework.boot\spring-boot-starter-validation\2.7.0\1a7d12c3b10ec1c30ca3a6eb38d550f4a3876b31\spring-boot-starter-validation-2.7.0.jar;C:\Users\user\.gradle\caches\modules-2\files-2.1\commons-fileupload\commons-fileupload\1.3.3\4ff14d809195b711fd6bcc87e6777f886730ca1\commons-fileupload-1.3.3.jar;C:\Users\user\.gradle\caches\modules-2\files-2.1\commons-io\commons-io\2.7\3f2bd4ba11c4162733c13cc90ca7c7ea09967102\commons-io-2.7.jar;C:\Users\user\.gradle\caches\modules-2\files-2.1\org.json\json\20190722\7bce7bacf0ab5e9f894d307a3de8b7f540064d5\json-20190722.jar;C:\Users\user\.gradle\caches\modules-2\files-2.1\org.springframework.boot\spring-boot-starter-mail\2.7.0\da149d0f70362ff5aa049cc46adec01e4c9e9835\spring-boot-starter-mail-2.7.0.jar;C:\Users\user\.gradle\caches\modules-2\files-2.1\org.springframework.boot\spring-boot-starter-json\2.7.0\f7120f4a6fd5dd2ca2128061e420e45ae2294943\spring-boot-starter-json-2.7.0.jar;C:\Users\user\.gradle\caches\modules-2\fi
Launcher Type: SUN_STANDARD

[Global flags]
     intx CICompilerCount                          = 3                                         {product} {ergonomic}
     uint ConcGCThreads                            = 1                                         {product} {ergonomic}
     uint G1ConcRefinementThreads                  = 4                                         {product} {ergonomic}
   size_t G1HeapRegionSize                         = 1048576                                   {product} {ergonomic}
    uintx GCDrainStackTargetSize                   = 64                                        {product} {ergonomic}
   size_t InitialHeapSize                          = 134217728                                 {product} {ergonomic}
     bool ManagementServer                         = true                                      {product} {command line}
   size_t MarkStackSize                            = 4194304                                   {product} {ergonomic}
   size_t MaxHeapSize                              = 2126512128                                {product} {ergonomic}
   size_t MinHeapDeltaBytes                        = 1048576                                   {product} {ergonomic}
   size_t MinHeapSize                              = 8388608                                   {product} {ergonomic}
    uintx NonNMethodCodeHeapSize                   = 6973028                                {pd product} {ergonomic}
    uintx NonProfiledCodeHeapSize                  = 244685212                              {pd product} {ergonomic}
    uintx ProfiledCodeHeapSize                     = 0                                      {pd product} {ergonomic}
    uintx ReservedCodeCacheSize                    = 251658240                              {pd product} {ergonomic}
     bool SegmentedCodeCache                       = true                                      {product} {ergonomic}
     bool ShowCodeDetailsInExceptionMessages       = true                                   {manageable} {command line}
   size_t SoftMaxHeapSize                          = 2126512128                             {manageable} {ergonomic}
     intx TieredStopAtLevel                        = 1                                         {product} {command line}
     bool UseCompressedClassPointers               = true                                 {lp64_product} {ergonomic}
     bool UseCompressedOops                        = true                                 {lp64_product} {ergonomic}
     bool UseG1GC                                  = true                                      {product} {ergonomic}
     bool UseLargePagesIndividualAllocation        = false                                  {pd product} {ergonomic}

Logging:
Log output configuration:
 #0: stdout all=warning uptime,level,tags
 #1: stderr all=off uptime,level,tags

Environment Variables:
CLASSPATH=%JAVA_HOME%\lib
PATH=C:/kd/sts-4.9.0//plugins/org.eclipse.justj.openjdk.hotspot.jre.full.win32.x86_64_15.0.1.v20201027-0507/jre/bin/server;C:/kd/sts-4.9.0//plugins/org.eclipse.justj.openjdk.hotspot.jre.full.win32.x86_64_15.0.1.v20201027-0507/jre/bin;C:\Program Files\NVIDIA GPU Computing Toolkit\CUDA\v11.0\bin;C:\Program Files\NVIDIA GPU Computing Toolkit\CUDA\v11.0\libnvvp;C:\oraclexe\app\oracle\product\11.2.0\server\bin;C:\Python39\Scripts\;C:\Python39\;C:\product\11.2.0\dbhome_1\bin;C:\Program Files (x86)\Common Files\Oracle\Java\javapath;"C:\Program Files\Java\jre1.8.0_201\bin;C:\Program Files (x86)\Common Files\Oracle\Java\javapath";C:\Program Files\java\jdk-12\jdk-12_windows-x64_bin.exe;C:\Program Files\java\jdk-8u201-windows-x64.exe;C:\Program Files\java;C:\Program Files\java\Java\jdk-11.0.2_windows-x64_bin.exe;C:\Program Files\java\jdk-11.0.2_windows-x64_bin.exe;C:\Program Files\Java\jdk-11.0.2_windows-x64_bin.exe;C:\WINDOWS\system32;C:\WINDOWS;C:\WINDOWS\System32\Wbem;C:\WINDOWS\System32\WindowsPowerShell\v1.0\;C:\WINDOWS\System32\OpenSSH\;C:\Program Files (x86)\PuTTY\;C:\Program Files\dotnet\;C:\Program Files\Java\jdk-11.0.9\bin;C:\ProgramData\chocolatey\bin;C:\Program Files (x86)\dotnet\;C:\Users\user\Downloads\;C:\OpenSSL\bin;C:\Program Files\Git\cmd;C:\Program Files\NVIDIA Corporation\Nsight Compute 2020.1.1\;C:\Program Files (x86)\NVIDIA Corporation\PhysX\Common;C:\Users\user\anaconda3;C:\Users\user\anaconda3\Library\mingw-w64\bin;C:\Users\user\anaconda3\Library\usr\bin;C:\Users\user\anaconda3\Library\bin;C:\Users\user\anaconda3\Scripts;C:\Users\user\AppData\Local\Programs\Python\Python37\Scripts\;C:\Users\user\AppData\Local\Programs\Python\Python37\;C:\Users\user\AppData\Local\Microsoft\WindowsApps;C:\Users\user\AppData\Local\Programs\Python\Python38-32\Scripts;C:\Users\user\AppData\Local\Programs\Python\Python38;C:\Users\user\AppData\Local\Programs\Microsoft VS Code\bin;C:\Users\user\AppData\Roaming\npm;C:\Program Files\JetBrains\PyCharm Community Edition 2020.1.5\bin;;
USERNAME=user
OS=Windows_NT
PROCESSOR_IDENTIFIER=Intel64 Family 6 Model 142 Stepping 9, GenuineIntel



---------------  S Y S T E M  ---------------

OS:
 Windows 10 , 64 bit Build 19041 (10.0.19041.1741)
OS uptime: 3 days 19:16 hours

CPU: total 4 (initial active 4) (2 cores per cpu, 2 threads per core) family 6 model 142 stepping 9 microcode 0xb4, cmov, cx8, fxsr, mmx, sse, sse2, sse3, ssse3, sse4.1, sse4.2, popcnt, vzeroupper, avx, avx2, aes, clmul, erms, 3dnowpref, lzcnt, ht, tsc, tscinvbit, bmi1, bmi2, adx, fma, clflush, clflushopt

Memory: 4k page, system-wide physical 8104M (1259M free)
TotalPageFile size 32680M (AvailPageFile size 27M)
current process WorkingSet (physical memory assigned to process): 10M, peak: 10M
current process commit charge ("private bytes"): 49M, peak: 177M

vm_info: OpenJDK 64-Bit Server VM (15.0.1+9-18) for windows-amd64 JRE (15.0.1+9-18), built on Sep 15 2020 14:39:31 by "mach5one" with unknown MS VC++:1925

END.
